E, [2017-08-11T19:24:10.915565 #11352] ERROR -- Kitchen: ------Exception-------
E, [2017-08-11T19:24:10.915696 #11352] ERROR -- Kitchen: Class: Kitchen::UserError
E, [2017-08-11T19:24:10.915719 #11352] ERROR -- Kitchen: Message: You must first install the Docker CLI tool http://www.docker.io/gettingstarted/
E, [2017-08-11T19:24:10.915733 #11352] ERROR -- Kitchen: ----------------------
E, [2017-08-11T19:24:10.915745 #11352] ERROR -- Kitchen: ------Backtrace-------
E, [2017-08-11T19:24:10.915755 #11352] ERROR -- Kitchen: /home/user/.chefdk/gem/ruby/2.4.0/gems/kitchen-docker-2.6.0/lib/kitchen/driver/docker.rb:93:in `rescue in verify_dependencies'
E, [2017-08-11T19:24:10.915767 #11352] ERROR -- Kitchen: /home/user/.chefdk/gem/ruby/2.4.0/gems/kitchen-docker-2.6.0/lib/kitchen/driver/docker.rb:91:in `verify_dependencies'
E, [2017-08-11T19:24:10.915779 #11352] ERROR -- Kitchen: /opt/chefdk/embedded/lib/ruby/gems/2.4.0/gems/test-kitchen-1.16.0/lib/kitchen/driver.rb:43:in `for_plugin'
E, [2017-08-11T19:24:10.915790 #11352] ERROR -- Kitchen: /opt/chefdk/embedded/lib/ruby/gems/2.4.0/gems/test-kitchen-1.16.0/lib/kitchen/config.rb:233:in `new_driver'
E, [2017-08-11T19:24:10.915801 #11352] ERROR -- Kitchen: /opt/chefdk/embedded/lib/ruby/gems/2.4.0/gems/test-kitchen-1.16.0/lib/kitchen/config.rb:246:in `new_instance'
E, [2017-08-11T19:24:10.915812 #11352] ERROR -- Kitchen: /opt/chefdk/embedded/lib/ruby/gems/2.4.0/gems/test-kitchen-1.16.0/lib/kitchen/config.rb:142:in `block in build_instances'
E, [2017-08-11T19:24:10.915822 #11352] ERROR -- Kitchen: /opt/chefdk/embedded/lib/ruby/gems/2.4.0/gems/test-kitchen-1.16.0/lib/kitchen/config.rb:141:in `map'
E, [2017-08-11T19:24:10.915833 #11352] ERROR -- Kitchen: /opt/chefdk/embedded/lib/ruby/gems/2.4.0/gems/test-kitchen-1.16.0/lib/kitchen/config.rb:141:in `with_index'
E, [2017-08-11T19:24:10.915844 #11352] ERROR -- Kitchen: /opt/chefdk/embedded/lib/ruby/gems/2.4.0/gems/test-kitchen-1.16.0/lib/kitchen/config.rb:141:in `build_instances'
E, [2017-08-11T19:24:10.915854 #11352] ERROR -- Kitchen: /opt/chefdk/embedded/lib/ruby/gems/2.4.0/gems/test-kitchen-1.16.0/lib/kitchen/config.rb:117:in `instances'
E, [2017-08-11T19:24:10.915865 #11352] ERROR -- Kitchen: /opt/chefdk/embedded/lib/ruby/gems/2.4.0/gems/test-kitchen-1.16.0/lib/kitchen/command.rb:112:in `filtered_instances'
E, [2017-08-11T19:24:10.915900 #11352] ERROR -- Kitchen: /opt/chefdk/embedded/lib/ruby/gems/2.4.0/gems/test-kitchen-1.16.0/lib/kitchen/command.rb:142:in `parse_subcommand'
E, [2017-08-11T19:24:10.915914 #11352] ERROR -- Kitchen: /opt/chefdk/embedded/lib/ruby/gems/2.4.0/gems/test-kitchen-1.16.0/lib/kitchen/command/list.rb:30:in `call'
E, [2017-08-11T19:24:10.915925 #11352] ERROR -- Kitchen: /opt/chefdk/embedded/lib/ruby/gems/2.4.0/gems/test-kitchen-1.16.0/lib/kitchen/cli.rb:53:in `perform'
E, [2017-08-11T19:24:10.915947 #11352] ERROR -- Kitchen: /opt/chefdk/embedded/lib/ruby/gems/2.4.0/gems/test-kitchen-1.16.0/lib/kitchen/cli.rb:121:in `list'
E, [2017-08-11T19:24:10.915958 #11352] ERROR -- Kitchen: /opt/chefdk/embedded/lib/ruby/gems/2.4.0/gems/thor-0.19.1/lib/thor/command.rb:27:in `run'
E, [2017-08-11T19:24:10.915968 #11352] ERROR -- Kitchen: /opt/chefdk/embedded/lib/ruby/gems/2.4.0/gems/thor-0.19.1/lib/thor/invocation.rb:126:in `invoke_command'
E, [2017-08-11T19:24:10.915978 #11352] ERROR -- Kitchen: /opt/chefdk/embedded/lib/ruby/gems/2.4.0/gems/test-kitchen-1.16.0/lib/kitchen/cli.rb:334:in `invoke_task'
E, [2017-08-11T19:24:10.915989 #11352] ERROR -- Kitchen: /opt/chefdk/embedded/lib/ruby/gems/2.4.0/gems/thor-0.19.1/lib/thor.rb:359:in `dispatch'
E, [2017-08-11T19:24:10.915999 #11352] ERROR -- Kitchen: /opt/chefdk/embedded/lib/ruby/gems/2.4.0/gems/thor-0.19.1/lib/thor/base.rb:440:in `start'
E, [2017-08-11T19:24:10.916009 #11352] ERROR -- Kitchen: /opt/chefdk/embedded/lib/ruby/gems/2.4.0/gems/test-kitchen-1.16.0/bin/kitchen:13:in `block in <top (required)>'
E, [2017-08-11T19:24:10.916019 #11352] ERROR -- Kitchen: /opt/chefdk/embedded/lib/ruby/gems/2.4.0/gems/test-kitchen-1.16.0/lib/kitchen/errors.rb:171:in `with_friendly_errors'
E, [2017-08-11T19:24:10.916029 #11352] ERROR -- Kitchen: /opt/chefdk/embedded/lib/ruby/gems/2.4.0/gems/test-kitchen-1.16.0/bin/kitchen:13:in `<top (required)>'
E, [2017-08-11T19:24:10.916045 #11352] ERROR -- Kitchen: /usr/bin/kitchen:263:in `load'
E, [2017-08-11T19:24:10.916069 #11352] ERROR -- Kitchen: /usr/bin/kitchen:263:in `<main>'
E, [2017-08-11T19:24:10.916079 #11352] ERROR -- Kitchen: ----End Backtrace-----
E, [2017-08-11T19:24:10.916088 #11352] ERROR -- Kitchen: ---Nested Exception---
E, [2017-08-11T19:24:10.916097 #11352] ERROR -- Kitchen: Class: Kitchen::ShellOut::ShellCommandFailed
E, [2017-08-11T19:24:10.916106 #11352] ERROR -- Kitchen: Message: Expected process to exit with [0], but received '1'
---- Begin output of sudo -E docker >> /dev/null 2>&1 ----
STDOUT: 
STDERR: 
---- End output of sudo -E docker >> /dev/null 2>&1 ----
Ran sudo -E docker >> /dev/null 2>&1 returned 1
E, [2017-08-11T19:24:10.916117 #11352] ERROR -- Kitchen: ----------------------
E, [2017-08-11T19:24:10.916126 #11352] ERROR -- Kitchen: ------Backtrace-------
E, [2017-08-11T19:24:10.916136 #11352] ERROR -- Kitchen: /home/user/.chefdk/gem/ruby/2.4.0/gems/kitchen-docker-2.6.0/lib/kitchen/driver/docker.rb:93:in `rescue in verify_dependencies'
E, [2017-08-11T19:24:10.916145 #11352] ERROR -- Kitchen: /home/user/.chefdk/gem/ruby/2.4.0/gems/kitchen-docker-2.6.0/lib/kitchen/driver/docker.rb:91:in `verify_dependencies'
E, [2017-08-11T19:24:10.916155 #11352] ERROR -- Kitchen: /opt/chefdk/embedded/lib/ruby/gems/2.4.0/gems/test-kitchen-1.16.0/lib/kitchen/driver.rb:43:in `for_plugin'
E, [2017-08-11T19:24:10.916165 #11352] ERROR -- Kitchen: /opt/chefdk/embedded/lib/ruby/gems/2.4.0/gems/test-kitchen-1.16.0/lib/kitchen/config.rb:233:in `new_driver'
E, [2017-08-11T19:24:10.916188 #11352] ERROR -- Kitchen: /opt/chefdk/embedded/lib/ruby/gems/2.4.0/gems/test-kitchen-1.16.0/lib/kitchen/config.rb:246:in `new_instance'
E, [2017-08-11T19:24:10.916199 #11352] ERROR -- Kitchen: /opt/chefdk/embedded/lib/ruby/gems/2.4.0/gems/test-kitchen-1.16.0/lib/kitchen/config.rb:142:in `block in build_instances'
E, [2017-08-11T19:24:10.916210 #11352] ERROR -- Kitchen: /opt/chefdk/embedded/lib/ruby/gems/2.4.0/gems/test-kitchen-1.16.0/lib/kitchen/config.rb:141:in `map'
E, [2017-08-11T19:24:10.916220 #11352] ERROR -- Kitchen: /opt/chefdk/embedded/lib/ruby/gems/2.4.0/gems/test-kitchen-1.16.0/lib/kitchen/config.rb:141:in `with_index'
E, [2017-08-11T19:24:10.916231 #11352] ERROR -- Kitchen: /opt/chefdk/embedded/lib/ruby/gems/2.4.0/gems/test-kitchen-1.16.0/lib/kitchen/config.rb:141:in `build_instances'
E, [2017-08-11T19:24:10.916241 #11352] ERROR -- Kitchen: /opt/chefdk/embedded/lib/ruby/gems/2.4.0/gems/test-kitchen-1.16.0/lib/kitchen/config.rb:117:in `instances'
E, [2017-08-11T19:24:10.916254 #11352] ERROR -- Kitchen: /opt/chefdk/embedded/lib/ruby/gems/2.4.0/gems/test-kitchen-1.16.0/lib/kitchen/command.rb:112:in `filtered_instances'
E, [2017-08-11T19:24:10.916266 #11352] ERROR -- Kitchen: /opt/chefdk/embedded/lib/ruby/gems/2.4.0/gems/test-kitchen-1.16.0/lib/kitchen/command.rb:142:in `parse_subcommand'
E, [2017-08-11T19:24:10.916277 #11352] ERROR -- Kitchen: /opt/chefdk/embedded/lib/ruby/gems/2.4.0/gems/test-kitchen-1.16.0/lib/kitchen/command/list.rb:30:in `call'
E, [2017-08-11T19:24:10.916354 #11352] ERROR -- Kitchen: /opt/chefdk/embedded/lib/ruby/gems/2.4.0/gems/test-kitchen-1.16.0/lib/kitchen/cli.rb:53:in `perform'
E, [2017-08-11T19:24:10.916366 #11352] ERROR -- Kitchen: /opt/chefdk/embedded/lib/ruby/gems/2.4.0/gems/test-kitchen-1.16.0/lib/kitchen/cli.rb:121:in `list'
E, [2017-08-11T19:24:10.916377 #11352] ERROR -- Kitchen: /opt/chefdk/embedded/lib/ruby/gems/2.4.0/gems/thor-0.19.1/lib/thor/command.rb:27:in `run'
E, [2017-08-11T19:24:10.916388 #11352] ERROR -- Kitchen: /opt/chefdk/embedded/lib/ruby/gems/2.4.0/gems/thor-0.19.1/lib/thor/invocation.rb:126:in `invoke_command'
E, [2017-08-11T19:24:10.916398 #11352] ERROR -- Kitchen: /opt/chefdk/embedded/lib/ruby/gems/2.4.0/gems/test-kitchen-1.16.0/lib/kitchen/cli.rb:334:in `invoke_task'
E, [2017-08-11T19:24:10.916408 #11352] ERROR -- Kitchen: /opt/chefdk/embedded/lib/ruby/gems/2.4.0/gems/thor-0.19.1/lib/thor.rb:359:in `dispatch'
E, [2017-08-11T19:24:10.916423 #11352] ERROR -- Kitchen: /opt/chefdk/embedded/lib/ruby/gems/2.4.0/gems/thor-0.19.1/lib/thor/base.rb:440:in `start'
E, [2017-08-11T19:24:10.916435 #11352] ERROR -- Kitchen: /opt/chefdk/embedded/lib/ruby/gems/2.4.0/gems/test-kitchen-1.16.0/bin/kitchen:13:in `block in <top (required)>'
E, [2017-08-11T19:24:10.916446 #11352] ERROR -- Kitchen: /opt/chefdk/embedded/lib/ruby/gems/2.4.0/gems/test-kitchen-1.16.0/lib/kitchen/errors.rb:171:in `with_friendly_errors'
E, [2017-08-11T19:24:10.916469 #11352] ERROR -- Kitchen: /opt/chefdk/embedded/lib/ruby/gems/2.4.0/gems/test-kitchen-1.16.0/bin/kitchen:13:in `<top (required)>'
E, [2017-08-11T19:24:10.916492 #11352] ERROR -- Kitchen: /usr/bin/kitchen:263:in `load'
E, [2017-08-11T19:24:10.916502 #11352] ERROR -- Kitchen: /usr/bin/kitchen:263:in `<main>'
E, [2017-08-11T19:24:10.916511 #11352] ERROR -- Kitchen: ----End Backtrace-----
